{"/Users/zuhairkhan/Documents/bnta_work/Week_08/day_3/lab_higher_order_functions/higher_order_lab_start/ScranAdvisor.js": {"path":"/Users/zuhairkhan/Documents/bnta_work/Week_08/day_3/lab_higher_order_functions/higher_order_lab_start/ScranAdvisor.js","statementMap":{"0":{"start":{"line":1,"column":21},"end":{"line":3,"column":1}},"1":{"start":{"line":2,"column":4},"end":{"line":2,"column":35}},"2":{"start":{"line":13,"column":0},"end":{"line":16,"column":4}},"3":{"start":{"line":15,"column":4},"end":{"line":15,"column":35}},"4":{"start":{"line":19,"column":2},"end":{"line":21,"column":6}},"5":{"start":{"line":20,"column":6},"end":{"line":20,"column":75}},"6":{"start":{"line":20,"column":49},"end":{"line":20,"column":73}},"7":{"start":{"line":34,"column":2},"end":{"line":36,"column":4}},"8":{"start":{"line":35,"column":4},"end":{"line":35,"column":63}},"9":{"start":{"line":35,"column":46},"end":{"line":35,"column":61}},"10":{"start":{"line":44,"column":2},"end":{"line":46,"column":6}},"11":{"start":{"line":45,"column":6},"end":{"line":45,"column":86}},"12":{"start":{"line":45,"column":51},"end":{"line":45,"column":84}},"13":{"start":{"line":65,"column":0},"end":{"line":111,"column":4}},"14":{"start":{"line":67,"column":25},"end":{"line":87,"column":10}},"15":{"start":{"line":74,"column":24},"end":{"line":74,"column":43}},"16":{"start":{"line":80,"column":4},"end":{"line":84,"column":7}},"17":{"start":{"line":81,"column":8},"end":{"line":81,"column":23}},"18":{"start":{"line":83,"column":8},"end":{"line":83,"column":25}},"19":{"start":{"line":86,"column":6},"end":{"line":86,"column":17}},"20":{"start":{"line":91,"column":19},"end":{"line":91,"column":20}},"21":{"start":{"line":92,"column":29},"end":{"line":92,"column":31}},"22":{"start":{"line":96,"column":4},"end":{"line":107,"column":5}},"23":{"start":{"line":98,"column":6},"end":{"line":101,"column":7}},"24":{"start":{"line":99,"column":8},"end":{"line":99,"column":41}},"25":{"start":{"line":100,"column":8},"end":{"line":100,"column":37}},"26":{"start":{"line":109,"column":4},"end":{"line":109,"column":30}},"27":{"start":{"line":123,"column":0},"end":{"line":123,"column":30}}},"fnMap":{"0":{"name":"(anonymous_0)","decl":{"start":{"line":1,"column":21},"end":{"line":1,"column":22}},"loc":{"start":{"line":1,"column":42},"end":{"line":3,"column":1}},"line":1},"1":{"name":"(anonymous_1)","decl":{"start":{"line":13,"column":42},"end":{"line":13,"column":43}},"loc":{"start":{"line":13,"column":53},"end":{"line":16,"column":3}},"line":13},"2":{"name":"(anonymous_2)","decl":{"start":{"line":19,"column":48},"end":{"line":19,"column":49}},"loc":{"start":{"line":19,"column":63},"end":{"line":21,"column":5}},"line":19},"3":{"name":"(anonymous_3)","decl":{"start":{"line":20,"column":35},"end":{"line":20,"column":36}},"loc":{"start":{"line":20,"column":49},"end":{"line":20,"column":73}},"line":20},"4":{"name":"(anonymous_4)","decl":{"start":{"line":34,"column":46},"end":{"line":34,"column":47}},"loc":{"start":{"line":34,"column":57},"end":{"line":36,"column":3}},"line":34},"5":{"name":"(anonymous_5)","decl":{"start":{"line":35,"column":32},"end":{"line":35,"column":33}},"loc":{"start":{"line":35,"column":46},"end":{"line":35,"column":61}},"line":35},"6":{"name":"(anonymous_6)","decl":{"start":{"line":44,"column":49},"end":{"line":44,"column":50}},"loc":{"start":{"line":44,"column":64},"end":{"line":46,"column":5}},"line":44},"7":{"name":"(anonymous_7)","decl":{"start":{"line":45,"column":37},"end":{"line":45,"column":38}},"loc":{"start":{"line":45,"column":51},"end":{"line":45,"column":84}},"line":45},"8":{"name":"(anonymous_8)","decl":{"start":{"line":65,"column":48},"end":{"line":65,"column":49}},"loc":{"start":{"line":65,"column":59},"end":{"line":111,"column":3}},"line":65},"9":{"name":"(anonymous_9)","decl":{"start":{"line":67,"column":49},"end":{"line":67,"column":50}},"loc":{"start":{"line":67,"column":70},"end":{"line":87,"column":5}},"line":67}},"branchMap":{"0":{"loc":{"start":{"line":80,"column":4},"end":{"line":84,"column":7}},"type":"if","locations":[{"start":{"line":80,"column":4},"end":{"line":84,"column":7}},{"start":{"line":82,"column":13},"end":{"line":84,"column":7}}],"line":80},"1":{"loc":{"start":{"line":98,"column":6},"end":{"line":101,"column":7}},"type":"if","locations":[{"start":{"line":98,"column":6},"end":{"line":101,"column":7}},{"start":{},"end":{}}],"line":98}},"s":{"0":1,"1":6,"2":1,"3":1,"4":1,"5":1,"6":8,"7":1,"8":1,"9":23,"10":1,"11":1,"12":23,"13":1,"14":1,"15":23,"16":23,"17":5,"18":18,"19":23,"20":1,"21":1,"22":1,"23":18,"24":2,"25":2,"26":1,"27":1},"f":{"0":6,"1":1,"2":1,"3":8,"4":1,"5":23,"6":1,"7":23,"8":1,"9":23},"b":{"0":[5,18],"1":[2,16]},"_coverageSchema":"1a1c01bbd47fc00a2c39e90264f33305004495a9","hash":"2ceb65741804f52d66cf9d73be1887360dc7065a"}
}
