TN:
SF:ScranAdvisor.js
FN:1,(anonymous_0)
FN:13,(anonymous_1)
FN:19,(anonymous_2)
FN:20,(anonymous_3)
FN:34,(anonymous_4)
FN:35,(anonymous_5)
FN:44,(anonymous_6)
FN:45,(anonymous_7)
FN:65,(anonymous_8)
FN:67,(anonymous_9)
FNF:10
FNH:10
FNDA:6,(anonymous_0)
FNDA:1,(anonymous_1)
FNDA:1,(anonymous_2)
FNDA:8,(anonymous_3)
FNDA:1,(anonymous_4)
FNDA:23,(anonymous_5)
FNDA:1,(anonymous_6)
FNDA:23,(anonymous_7)
FNDA:1,(anonymous_8)
FNDA:23,(anonymous_9)
DA:1,1
DA:2,6
DA:13,1
DA:15,1
DA:19,1
DA:20,8
DA:34,1
DA:35,23
DA:44,1
DA:45,23
DA:65,1
DA:67,1
DA:74,23
DA:80,23
DA:81,5
DA:83,18
DA:86,23
DA:91,1
DA:92,1
DA:96,1
DA:98,18
DA:99,2
DA:100,2
DA:109,1
DA:123,1
LF:25
LH:25
BRDA:80,0,0,5
BRDA:80,0,1,18
BRDA:98,1,0,2
BRDA:98,1,1,16
BRF:4
BRH:4
end_of_record
